<?xml version="1.0" encoding="UTF-8"?>
<testng-results skipped="0" failed="0" ignored="0" total="1" passed="1">
  <reporter-output>
  </reporter-output>
  <suite name="Default suite" duration-ms="5970" started-at="2018-02-18T20:19:58Z" finished-at="2018-02-18T20:20:04Z">
    <groups>
    </groups>
    <test name="Default test" duration-ms="5970" started-at="2018-02-18T20:19:58Z" finished-at="2018-02-18T20:20:04Z">
      <class name="Test.Selenium_Jenkins_Integration">
        <test-method status="PASS" signature="setUp()[pri:0, instance:Test.Selenium_Jenkins_Integration@724af044]" name="setUp" is-config="true" duration-ms="3946" started-at="2018-02-18T20:19:59Z" finished-at="2018-02-18T20:20:02Z">
          <reporter-output>
          </reporter-output>
        </test-method> <!-- setUp -->
        <test-method status="PASS" signature="test()[pri:0, instance:Test.Selenium_Jenkins_Integration@724af044]" name="test" duration-ms="1999" started-at="2018-02-18T20:20:02Z" finished-at="2018-02-18T20:20:04Z">
          <reporter-output>
          </reporter-output>
        </test-method> <!-- test -->
        <test-method status="PASS" signature="tearDown()[pri:0, instance:Test.Selenium_Jenkins_Integration@724af044]" name="tearDown" is-config="true" duration-ms="0" started-at="2018-02-18T20:20:04Z" finished-at="2018-02-18T20:20:04Z">
          <reporter-output>
          </reporter-output>
        </test-method> <!-- tearDown -->
      </class> <!-- Test.Selenium_Jenkins_Integration -->
    </test> <!-- Default test -->
  </suite> <!-- Default suite -->
</testng-results>
